<?xml version="1.0" encoding="UTF-8"?>
<!-- Generated by org.testng.reporters.JUnitReportReporter -->
<testsuite hostname="ICPL13157" failures="0" tests="2" name="mobileTest.AndroidRobotDemo" time="30.393" errors="0" timestamp="08 Feb 2019 04:30:05 GMT" skipped="1">
  <testcase classname="mobileTest.AndroidRobotDemo" name="emulator" time="30.393"/>
  <testcase classname="mobileTest.AndroidRobotDemo" name="device">
    <skipped/>
  </testcase> <!-- device -->
</testsuite> <!-- mobileTest.AndroidRobotDemo -->
