<?xml version="1.0" encoding="UTF-8"?>
<!-- Generated by org.testng.reporters.JUnitReportReporter -->
<testsuite hostname="ICPL13157" failures="0" tests="1" name="SampleCodes.TestClass" time="160.484" errors="0" timestamp="06 Feb 2019 04:09:31 GMT" skipped="0">
  <testcase classname="SampleCodes.TestClass" name="f" time="160.484"/>
</testsuite> <!-- SampleCodes.TestClass -->
