<?xml version="1.0" encoding="UTF-8"?>
<!-- Generated by org.testng.reporters.JUnitReportReporter -->
<testsuite hostname="ICPL13157" failures="0" tests="4" name="demo.NewTest" time="30.176" errors="0" timestamp="04 Feb 2019 10:24:30 GMT" skipped="0">
  <testcase classname="demo.NewTest" name="f1" time="6.216"/>
  <testcase classname="demo.NewTest" name="f1" time="8.020"/>
  <testcase classname="demo.NewTest" name="f" time="7.120"/>
  <testcase classname="demo.NewTest" name="f" time="8.820"/>
</testsuite> <!-- demo.NewTest -->
